[INFO] Scanning for projects...
[INFO] 
[INFO] ------------------< com.sum.techie:discovery-server >-------------------
[INFO] Building discovery-server 1.0-SNAPSHOT
[INFO]   from pom.xml
[INFO] --------------------------------[ jar ]---------------------------------
[INFO] 
[INFO] >>> spring-boot:3.4.4:run (default-cli) > test-compile @ discovery-server >>>
[INFO] 
[INFO] --- resources:3.3.1:resources (default-resources) @ discovery-server ---
[INFO] Copying 1 resource from src/main/resources to target/classes
[INFO] Copying 0 resource from src/main/resources to target/classes
[INFO] 
[INFO] --- compiler:3.13.0:compile (default-compile) @ discovery-server ---
[INFO] Nothing to compile - all classes are up to date.
[INFO] 
[INFO] --- resources:3.3.1:testResources (default-testResources) @ discovery-server ---
[INFO] skip non existing resourceDirectory /Users/batta.sumanth/projects/microservices-new/discovery-server/src/test/resources
[INFO] 
[INFO] --- compiler:3.13.0:testCompile (default-testCompile) @ discovery-server ---
[INFO] Nothing to compile - all classes are up to date.
[INFO] 
[INFO] <<< spring-boot:3.4.4:run (default-cli) < test-compile @ discovery-server <<<
[INFO] 
[INFO] 
[INFO] --- spring-boot:3.4.4:run (default-cli) @ discovery-server ---
[INFO] Attaching agents: []

  .   ____          _            __ _ _
 /\\ / ___'_ __ _ _(_)_ __  __ _ \ \ \ \
( ( )\___ | '_ | '_| | '_ \/ _` | \ \ \ \
 \\/  ___)| |_)| | | | | || (_| |  ) ) ) )
  '  |____| .__|_| |_|_| |_\__, | / / / /
 =========|_|==============|___/=/_/_/_/

 :: Spring Boot ::                (v3.4.4)

2025-09-02T21:56:31.973+05:30  INFO 54850 --- [           main] c.s.t.d.DiscoveryServerApplication       : Starting DiscoveryServerApplication using Java 17.0.16 with PID 54850 (/Users/batta.sumanth/projects/microservices-new/discovery-server/target/classes started by batta.sumanth in /Users/batta.sumanth/projects/microservices-new/discovery-server)
2025-09-02T21:56:31.974+05:30  INFO 54850 --- [           main] c.s.t.d.DiscoveryServerApplication       : No active profile set, falling back to 1 default profile: "default"
2025-09-02T21:56:32.439+05:30  INFO 54850 --- [           main] o.s.b.w.embedded.tomcat.TomcatWebServer  : Tomcat initialized with port 8761 (http)
2025-09-02T21:56:32.445+05:30  INFO 54850 --- [           main] o.apache.catalina.core.StandardService   : Starting service [Tomcat]
2025-09-02T21:56:32.445+05:30  INFO 54850 --- [           main] o.apache.catalina.core.StandardEngine    : Starting Servlet engine: [Apache Tomcat/10.1.39]
2025-09-02T21:56:32.475+05:30  INFO 54850 --- [           main] o.a.c.c.C.[Tomcat].[localhost].[/]       : Initializing Spring embedded WebApplicationContext
2025-09-02T21:56:32.475+05:30  INFO 54850 --- [           main] w.s.c.ServletWebServerApplicationContext : Root WebApplicationContext: initialization completed in 482 ms
2025-09-02T21:56:32.810+05:30  INFO 54850 --- [           main] o.s.b.a.e.web.EndpointLinksResolver      : Exposing 1 endpoint beneath base path '/actuator'
2025-09-02T21:56:32.842+05:30  INFO 54850 --- [           main] o.s.b.w.embedded.tomcat.TomcatWebServer  : Tomcat started on port 8761 (http) with context path '/'
2025-09-02T21:56:32.850+05:30  INFO 54850 --- [           main] c.s.t.d.DiscoveryServerApplication       : Started DiscoveryServerApplication in 1.111 seconds (process running for 1.273)
2025-09-02T21:56:46.045+05:30  INFO 54850 --- [nio-8761-exec-1] o.a.c.c.C.[Tomcat].[localhost].[/]       : Initializing Spring DispatcherServlet 'dispatcherServlet'
2025-09-02T21:56:46.045+05:30  INFO 54850 --- [nio-8761-exec-1] o.s.web.servlet.DispatcherServlet        : Initializing Servlet 'dispatcherServlet'
2025-09-02T21:56:46.046+05:30  INFO 54850 --- [nio-8761-exec-1] o.s.web.servlet.DispatcherServlet        : Completed initialization in 1 ms
2025-09-02T21:58:12.885+05:30  INFO 54850 --- [ionShutdownHook] o.s.b.w.e.tomcat.GracefulShutdown        : Commencing graceful shutdown. Waiting for active requests to complete
2025-09-02T21:58:14.902+05:30  INFO 54850 --- [tomcat-shutdown] o.s.b.w.e.tomcat.GracefulShutdown        : Graceful shutdown complete
[INFO] ------------------------------------------------------------------------
[INFO] BUILD FAILURE
[INFO] ------------------------------------------------------------------------
[INFO] Total time:  01:44 min
[INFO] Finished at: 2025-09-02T21:58:14+05:30
[INFO] ------------------------------------------------------------------------
[ERROR] Failed to execute goal org.springframework.boot:spring-boot-maven-plugin:3.4.4:run (default-cli) on project discovery-server: Process terminated with exit code: 143 -> [Help 1]
[ERROR] 
[ERROR] To see the full stack trace of the errors, re-run Maven with the -e switch.
[ERROR] Re-run Maven using the -X switch to enable full debug logging.
[ERROR] 
[ERROR] For more information about the errors and possible solutions, please read the following articles:
[ERROR] [Help 1] http://cwiki.apache.org/confluence/display/MAVEN/MojoExecutionException
